SF:lib/app/core/adapter/cache_adapter/cache_adapter.dart
DA:12,1
DA:14,1
DA:16,2
DA:21,1
DA:23,2
LF:5
LH:5
end_of_record
SF:lib/app/core/adapter/remote_storage/remote_storage_adapter.dart
DA:20,1
DA:22,1
DA:28,4
DA:31,1
DA:34,4
DA:37,1
DA:39,3
DA:40,2
DA:41,1
LF:9
LH:9
end_of_record
SF:lib/app/core/adapter/remote_storage/remote_storage_error.dart
DA:7,3
DA:8,1
DA:19,1
DA:29,1
DA:30,5
DA:31,1
DA:37,1
DA:38,1
DA:39,2
DA:40,2
DA:43,1
DA:44,3
DA:49,1
DA:50,1
DA:52,2
DA:54,2
DA:57,1
DA:58,3
LF:18
LH:18
end_of_record
SF:lib/app/core/util/l10n/generated/l10n.dart
DA:16,16
DA:20,16
DA:21,16
DA:28,16
DA:29,16
DA:30,0
DA:31,16
DA:32,16
DA:33,48
DA:34,16
DA:35,16
DA:42,0
DA:43,0
DA:44,0
DA:49,0
DA:50,0
DA:54,1
DA:55,1
DA:59,1
DA:64,1
DA:65,1
DA:69,1
DA:74,0
DA:75,0
DA:79,0
DA:84,1
DA:85,1
DA:89,1
DA:94,1
DA:95,1
DA:99,1
DA:104,1
DA:105,1
DA:109,1
DA:114,1
DA:115,1
DA:119,1
DA:124,1
DA:125,1
DA:129,1
DA:134,1
DA:135,1
DA:139,1
DA:144,1
DA:145,1
DA:149,1
DA:154,1
DA:155,1
DA:159,1
DA:164,1
DA:165,1
DA:169,1
DA:174,1
DA:175,1
DA:179,1
DA:184,1
DA:185,1
DA:189,1
DA:194,1
DA:195,1
DA:199,1
DA:204,1
DA:205,1
DA:209,1
DA:214,1
DA:215,1
DA:219,1
DA:224,1
DA:225,1
DA:229,1
DA:234,1
DA:235,1
DA:239,1
DA:244,1
DA:245,1
DA:249,1
DA:254,2
DA:255,2
DA:259,2
DA:264,2
DA:265,2
DA:269,2
DA:274,2
DA:275,2
DA:279,2
DA:284,2
DA:285,2
DA:289,2
DA:294,2
DA:295,2
DA:299,2
DA:304,2
DA:305,2
DA:309,2
DA:314,2
DA:315,2
DA:319,2
DA:324,4
DA:325,4
DA:329,4
DA:334,4
DA:335,4
DA:339,4
DA:344,6
DA:345,6
DA:349,6
DA:354,6
DA:355,6
DA:359,6
DA:364,6
DA:365,6
DA:369,6
DA:374,6
DA:375,6
DA:379,6
DA:384,6
DA:385,6
DA:389,6
DA:394,6
DA:395,6
DA:399,6
DA:404,8
DA:405,8
DA:409,8
DA:414,8
DA:415,8
DA:419,8
DA:424,6
DA:425,6
DA:429,6
DA:434,6
DA:435,6
DA:439,6
DA:444,6
DA:445,6
DA:449,6
DA:454,6
DA:455,6
DA:459,6
DA:464,6
DA:465,6
DA:469,6
DA:474,6
DA:475,6
DA:479,6
DA:484,6
DA:485,6
DA:489,6
DA:494,6
DA:495,6
DA:499,6
DA:504,6
DA:505,6
DA:509,6
DA:514,6
DA:515,6
DA:519,6
DA:524,6
DA:525,6
DA:529,6
DA:534,6
DA:535,6
DA:539,6
DA:544,6
DA:545,6
DA:549,6
DA:554,6
DA:555,6
DA:559,6
DA:564,7
DA:565,7
DA:569,7
DA:574,7
DA:575,7
DA:579,7
DA:584,1
DA:585,1
DA:589,1
DA:594,1
DA:595,1
DA:599,1
DA:604,4
DA:605,4
DA:609,4
DA:614,4
DA:615,4
DA:619,4
DA:624,4
DA:625,4
DA:629,4
DA:634,4
DA:635,4
DA:639,4
DA:644,3
DA:645,3
DA:649,3
DA:654,3
DA:655,3
DA:659,3
DA:664,2
DA:665,2
DA:669,2
DA:674,2
DA:675,2
DA:679,2
DA:684,3
DA:685,3
DA:689,3
DA:694,3
DA:695,3
DA:699,3
DA:704,3
DA:705,3
DA:709,3
DA:714,3
DA:715,3
DA:719,3
DA:724,1
DA:725,1
DA:729,1
DA:734,1
DA:735,1
DA:739,1
DA:744,3
DA:745,3
DA:749,3
DA:754,3
DA:755,3
DA:759,3
DA:764,2
DA:765,2
DA:769,2
DA:774,2
DA:775,2
DA:779,2
DA:784,2
DA:785,2
DA:789,2
DA:794,2
DA:795,2
DA:799,2
DA:804,2
DA:805,2
DA:809,2
DA:814,2
DA:815,2
DA:819,2
DA:824,1
DA:825,1
DA:829,1
DA:834,1
DA:835,1
DA:839,1
DA:844,1
DA:845,1
DA:849,1
DA:854,1
DA:855,1
DA:859,1
DA:864,1
DA:865,1
DA:869,1
DA:874,1
DA:875,1
DA:879,1
DA:884,1
DA:885,1
DA:889,1
DA:894,1
DA:895,1
DA:899,1
DA:904,1
DA:905,1
DA:909,1
DA:914,1
DA:915,1
DA:919,1
DA:924,1
DA:925,1
DA:929,1
DA:934,1
DA:935,1
DA:939,1
DA:944,1
DA:945,1
DA:949,1
DA:954,1
DA:955,1
DA:959,1
DA:964,1
DA:965,1
DA:969,1
DA:974,1
DA:975,1
DA:979,1
DA:984,1
DA:985,1
DA:989,1
DA:994,1
DA:995,1
DA:999,1
DA:1004,1
DA:1005,1
DA:1009,1
DA:1014,1
DA:1015,1
DA:1019,1
DA:1024,1
DA:1025,1
DA:1029,1
DA:1034,1
DA:1035,1
DA:1039,1
DA:1044,1
DA:1045,1
DA:1049,1
DA:1054,1
DA:1055,1
DA:1059,1
DA:1064,1
DA:1065,1
DA:1069,1
DA:1074,1
DA:1075,1
DA:1079,1
DA:1084,1
DA:1085,1
DA:1089,1
DA:1094,1
DA:1095,1
DA:1099,1
DA:1104,1
DA:1105,1
DA:1109,1
DA:1114,1
DA:1115,1
DA:1119,1
DA:1124,1
DA:1125,1
DA:1129,1
DA:1134,1
DA:1135,1
DA:1139,1
DA:1144,1
DA:1145,1
DA:1149,1
DA:1154,1
DA:1155,1
DA:1159,1
DA:1164,1
DA:1165,1
DA:1169,1
DA:1174,1
DA:1175,1
DA:1179,1
DA:1184,1
DA:1185,1
DA:1189,1
DA:1194,1
DA:1195,1
DA:1199,1
DA:1204,1
DA:1205,1
DA:1209,1
DA:1214,1
DA:1215,1
DA:1219,1
DA:1224,1
DA:1225,1
DA:1229,1
DA:1234,1
DA:1235,1
DA:1239,1
DA:1244,1
DA:1245,1
DA:1249,1
DA:1254,1
DA:1255,1
DA:1256,1
DA:1259,1
DA:1264,1
DA:1265,1
DA:1266,1
DA:1271,1
DA:1273,1
DA:1274,1
DA:1277,1
DA:1282,1
DA:1283,1
DA:1284,1
DA:1289,1
DA:1291,1
DA:1292,1
DA:1295,1
DA:1300,1
DA:1301,1
DA:1305,1
DA:1310,1
DA:1311,1
DA:1315,1
DA:1320,1
DA:1321,1
DA:1325,1
DA:1330,1
DA:1331,1
DA:1335,1
DA:1340,1
DA:1341,1
DA:1345,1
DA:1350,1
DA:1351,1
DA:1355,1
DA:1360,1
DA:1361,1
DA:1365,1
DA:1370,1
DA:1371,1
DA:1375,1
DA:1380,1
DA:1381,1
DA:1385,1
DA:1390,1
DA:1391,1
DA:1395,1
DA:1401,34
DA:1403,0
DA:1411,0
DA:1412,0
DA:1413,0
DA:1414,0
DA:1415,0
DA:1418,0
DA:1419,0
DA:1420,0
LF:434
LH:416
end_of_record
SF:lib/app/core/util/l10n/generated/intl/messages_all.dart
DA:24,48
DA:25,20
DA:26,4
DA:27,8
DA:30,16
DA:32,16
DA:33,10
DA:34,6
DA:35,2
DA:36,4
DA:37,4
DA:44,16
DA:45,16
DA:46,48
DA:47,0
DA:49,0
DA:51,32
DA:52,16
DA:53,48
DA:54,32
DA:55,16
DA:58,16
DA:60,16
DA:66,16
DA:68,16
DA:70,16
LF:26
LH:24
end_of_record
SF:lib/app/core/util/l10n/generated/intl/messages_en.dart
DA:16,30
DA:21,0
DA:23,2
DA:25,2
DA:27,2
DA:30,20
DA:31,10
DA:33,10
DA:36,10
DA:39,10
DA:40,10
DA:43,10
DA:44,10
DA:47,10
DA:49,10
DA:52,10
DA:53,10
DA:56,10
DA:57,10
DA:60,10
DA:61,10
DA:64,10
DA:65,10
DA:67,10
DA:69,10
DA:72,10
DA:73,10
DA:76,10
DA:77,10
DA:80,10
DA:81,10
DA:84,10
DA:85,10
DA:88,10
DA:90,10
DA:91,10
DA:94,10
DA:95,10
DA:98,10
DA:100,10
DA:103,10
DA:105,10
DA:107,10
DA:109,10
DA:110,10
DA:113,10
DA:115,10
DA:117,10
DA:120,10
DA:121,10
DA:123,10
DA:124,10
DA:126,10
DA:128,10
DA:129,10
DA:130,10
DA:132,10
DA:134,10
DA:135,10
DA:137,10
DA:139,10
DA:141,10
DA:143,10
DA:145,10
DA:147,10
DA:148,10
DA:150,10
DA:151,10
DA:154,10
DA:157,10
DA:159,10
DA:161,10
DA:163,10
DA:164,10
DA:166,10
DA:168,10
DA:169,10
DA:172,10
DA:173,10
DA:174,10
DA:177,10
DA:179,10
DA:181,10
DA:183,10
DA:184,10
DA:186,10
DA:190,10
DA:192,10
DA:193,10
DA:194,10
DA:195,10
DA:196,10
DA:199,10
DA:202,10
DA:204,10
DA:207,10
DA:208,10
DA:209,10
DA:210,10
DA:211,10
DA:212,10
DA:213,10
DA:215,10
DA:216,10
DA:217,10
DA:219,10
DA:222,10
DA:223,10
DA:226,10
DA:228,10
DA:229,10
DA:230,10
DA:231,10
DA:232,10
DA:233,10
DA:236,10
DA:237,10
DA:239,10
DA:242,10
DA:245,10
DA:247,10
DA:250,10
DA:253,10
DA:256,10
DA:258,10
DA:260,10
DA:263,10
DA:264,10
DA:266,10
DA:267,10
DA:268,10
DA:269,10
DA:272,10
DA:274,10
DA:275,10
DA:277,10
LF:136
LH:135
end_of_record
SF:lib/app/core/util/l10n/generated/intl/messages_es.dart
DA:16,6
DA:21,0
DA:23,0
DA:25,0
DA:27,0
DA:30,4
DA:31,2
DA:33,2
DA:36,2
DA:39,2
DA:40,2
DA:43,2
DA:44,2
DA:47,2
DA:49,2
DA:52,2
DA:53,2
DA:56,2
DA:58,2
DA:61,2
DA:62,2
DA:65,2
DA:66,2
DA:68,2
DA:70,2
DA:73,2
DA:74,2
DA:77,2
DA:78,2
DA:81,2
DA:82,2
DA:85,2
DA:86,2
DA:88,2
DA:90,2
DA:92,2
DA:94,2
DA:96,2
DA:99,2
DA:101,2
DA:104,2
DA:106,2
DA:107,2
DA:109,2
DA:111,2
DA:113,2
DA:116,2
DA:118,2
DA:120,2
DA:122,2
DA:124,2
DA:126,2
DA:128,2
DA:130,2
DA:131,2
DA:133,2
DA:135,2
DA:137,2
DA:138,2
DA:140,2
DA:142,2
DA:144,2
DA:146,2
DA:148,2
DA:150,2
DA:151,2
DA:153,2
DA:154,2
DA:157,2
DA:160,2
DA:162,2
DA:164,2
DA:166,2
DA:168,2
DA:170,2
DA:172,2
DA:173,2
DA:176,2
DA:177,2
DA:178,2
DA:181,2
DA:183,2
DA:184,2
DA:187,2
DA:189,2
DA:191,2
DA:195,2
DA:197,2
DA:198,2
DA:199,2
DA:200,2
DA:201,2
DA:204,2
DA:207,2
DA:209,2
DA:212,2
DA:213,2
DA:215,2
DA:217,2
DA:218,2
DA:219,2
DA:220,2
DA:222,2
DA:223,2
DA:225,2
DA:227,2
DA:229,2
DA:232,2
DA:233,2
DA:234,2
DA:235,2
DA:236,2
DA:237,2
DA:239,2
DA:240,2
DA:242,2
DA:245,2
DA:247,2
DA:250,2
DA:252,2
DA:255,2
DA:258,2
DA:260,2
DA:262,2
DA:264,2
DA:267,2
DA:268,2
DA:269,2
DA:270,2
DA:272,2
DA:275,2
DA:276,2
DA:278,2
LF:133
LH:129
end_of_record
SF:lib/app/core/util/l10n/generated/intl/messages_pt.dart
DA:16,12
DA:21,0
DA:23,0
DA:25,0
DA:27,0
DA:30,8
DA:31,4
DA:33,4
DA:36,4
DA:39,4
DA:40,4
DA:43,4
DA:44,4
DA:47,4
DA:49,4
DA:52,4
DA:53,4
DA:56,4
DA:57,4
DA:60,4
DA:61,4
DA:64,4
DA:65,4
DA:68,4
DA:69,4
DA:72,4
DA:73,4
DA:75,4
DA:77,4
DA:80,4
DA:81,4
DA:84,4
DA:85,4
DA:88,4
DA:89,4
DA:91,4
DA:94,4
DA:95,4
DA:98,4
DA:101,4
DA:103,4
DA:105,4
DA:106,4
DA:108,4
DA:110,4
DA:113,4
DA:115,4
DA:117,4
DA:119,4
DA:121,4
DA:123,4
DA:125,4
DA:127,4
DA:129,4
DA:130,4
DA:132,4
DA:134,4
DA:136,4
DA:137,4
DA:139,4
DA:141,4
DA:143,4
DA:145,4
DA:147,4
DA:149,4
DA:150,4
DA:152,4
DA:153,4
DA:156,4
DA:159,4
DA:161,4
DA:163,4
DA:165,4
DA:166,4
DA:168,4
DA:170,4
DA:171,4
DA:174,4
DA:175,4
DA:176,4
DA:179,4
DA:181,4
DA:183,4
DA:184,4
DA:185,4
DA:187,4
DA:191,4
DA:193,4
DA:194,4
DA:195,4
DA:196,4
DA:197,4
DA:200,4
DA:203,4
DA:205,4
DA:208,4
DA:209,4
DA:210,4
DA:212,4
DA:213,4
DA:214,4
DA:215,4
DA:217,4
DA:218,4
DA:221,4
DA:222,4
DA:224,4
DA:227,4
DA:228,4
DA:229,4
DA:230,4
DA:231,4
DA:232,4
DA:234,4
DA:235,4
DA:237,4
DA:240,4
DA:243,4
DA:246,4
DA:248,4
DA:251,4
DA:253,4
DA:255,4
DA:257,4
DA:260,4
DA:262,4
DA:263,4
DA:264,4
DA:265,4
DA:267,4
DA:270,4
DA:271,4
DA:273,4
LF:133
LH:129
end_of_record
SF:lib/app/core/adapter/local_storage_adapter/local_storage_adapter_interface.dart
DA:9,1
DA:11,1
DA:13,1
DA:17,1
DA:19,1
DA:20,1
DA:21,1
DA:22,0
LF:8
LH:7
end_of_record
SF:lib/app/core/util/validator.dart
DA:6,1
DA:7,1
DA:8,2
DA:10,3
DA:11,2
DA:16,1
DA:17,1
DA:18,2
DA:20,2
DA:21,2
DA:27,1
DA:28,1
DA:29,2
DA:31,2
DA:32,2
DA:34,3
DA:35,3
DA:36,2
DA:41,1
DA:42,1
DA:45,2
DA:48,1
DA:49,2
DA:50,2
LF:24
LH:24
end_of_record
SF:lib/app/modules/settings/bloc/settings_state.dart
DA:8,1
DA:13,1
DA:16,1
DA:17,3
LF:4
LH:4
end_of_record
SF:lib/app/modules/settings/bloc/settings_bloc.dart
DA:16,1
DA:17,2
DA:18,1
DA:20,2
DA:21,2
DA:23,2
DA:24,2
DA:26,2
DA:27,1
DA:29,2
DA:30,2
DA:34,1
DA:35,1
DA:38,1
DA:39,1
DA:40,1
DA:41,2
DA:42,1
DA:43,2
DA:45,1
DA:49,1
DA:50,1
DA:53,1
DA:54,2
DA:56,1
DA:59,1
DA:61,2
DA:62,1
DA:63,2
DA:65,1
DA:69,1
DA:70,1
DA:72,1
DA:73,2
DA:74,1
DA:75,2
DA:76,1
DA:77,2
DA:79,1
DA:83,1
DA:86,2
DA:87,2
DA:90,1
DA:92,2
DA:95,1
DA:96,1
DA:97,1
DA:98,1
DA:99,1
DA:103,1
DA:104,1
DA:105,1
LF:52
LH:52
end_of_record
SF:lib/app/modules/settings/bloc/settings_event.dart
DA:5,2
DA:11,2
DA:12,1
DA:13,2
DA:19,2
DA:20,1
DA:21,2
DA:27,2
DA:28,1
DA:29,2
DA:34,2
DA:35,1
DA:36,1
LF:13
LH:13
end_of_record
SF:lib/app/modules/settings/model/settings_model.dart
DA:15,4
DA:16,4
DA:17,4
DA:19,1
DA:20,1
DA:23,1
DA:24,1
DA:27,1
DA:28,1
DA:31,2
LF:10
LH:10
end_of_record
SF:lib/app/modules/settings/util/settings_error.dart
DA:5,9
DA:6,3
DA:7,3
DA:17,3
DA:26,3
DA:27,3
DA:28,8
DA:34,2
DA:35,2
DA:36,4
DA:37,4
DA:40,1
DA:41,3
DA:46,3
DA:47,3
DA:48,6
DA:49,6
DA:52,2
DA:53,6
DA:58,3
DA:59,3
DA:60,6
DA:61,6
DA:64,1
DA:65,3
LF:25
LH:25
end_of_record
SF:lib/app/modules/settings/repository/settings_repository.dart
DA:7,1
DA:13,1
DA:15,1
DA:18,2
DA:20,2
DA:22,2
DA:23,1
DA:24,1
DA:25,1
DA:27,1
DA:31,1
DA:32,1
DA:38,1
DA:39,1
DA:42,1
DA:48,1
DA:52,1
DA:55,1
DA:57,1
DA:58,1
DA:59,2
DA:60,1
DA:61,1
DA:62,2
DA:63,2
DA:65,2
DA:69,1
DA:70,1
DA:76,1
DA:80,1
DA:83,1
DA:84,1
DA:87,1
LF:33
LH:33
end_of_record
SF:lib/app/modules/settings/bloc/settings/edit_details_state.dart
DA:7,2
DA:13,2
DA:17,2
DA:18,8
DA:23,2
DA:27,2
DA:28,8
DA:35,2
DA:41,2
DA:42,8
DA:48,2
DA:53,2
DA:55,10
LF:13
LH:13
end_of_record
SF:lib/app/modules/settings/bloc/settings/edit_details_event.dart
DA:4,2
DA:11,2
DA:15,1
DA:16,2
DA:23,2
DA:27,1
DA:28,2
DA:33,2
DA:35,1
DA:36,1
DA:41,2
DA:43,1
DA:44,1
DA:49,2
DA:51,1
DA:52,1
DA:58,2
DA:60,1
DA:61,2
DA:69,2
DA:72,1
DA:73,4
DA:81,2
DA:84,1
DA:85,4
DA:92,2
DA:94,1
DA:95,3
LF:28
LH:28
end_of_record
SF:lib/app/modules/settings/bloc/settings/edit_details_bloc.dart
DA:25,1
DA:30,2
DA:31,1
DA:32,2
DA:33,2
DA:35,2
DA:36,2
DA:38,2
DA:39,1
DA:41,2
DA:42,1
DA:44,2
DA:45,1
DA:47,2
DA:48,2
DA:50,2
DA:51,1
DA:52,1
DA:53,1
DA:54,1
DA:56,2
DA:57,1
DA:58,1
DA:59,1
DA:60,1
DA:62,2
DA:63,3
DA:67,1
DA:69,2
DA:70,2
DA:71,2
DA:72,2
DA:74,2
DA:75,3
DA:76,2
DA:77,2
DA:78,2
DA:79,1
DA:80,2
DA:81,2
DA:82,2
DA:83,2
DA:84,1
DA:88,1
DA:92,2
DA:93,2
DA:94,2
DA:95,2
DA:97,2
DA:98,2
DA:99,2
DA:101,2
DA:102,2
DA:103,2
DA:105,1
DA:106,1
DA:107,2
DA:108,2
DA:109,2
DA:110,2
DA:111,1
DA:115,1
DA:119,2
DA:120,2
DA:121,2
DA:122,2
DA:124,2
DA:125,2
DA:126,2
DA:127,2
DA:128,2
DA:129,2
DA:130,1
DA:131,1
DA:132,2
DA:133,2
DA:134,2
DA:135,2
DA:136,1
DA:140,1
DA:141,2
DA:142,2
DA:143,2
DA:144,2
DA:147,2
DA:148,2
DA:149,2
DA:151,2
DA:152,2
DA:153,1
DA:154,1
DA:155,2
DA:156,2
DA:157,2
DA:158,2
DA:159,1
DA:163,1
DA:164,2
DA:165,2
DA:166,2
DA:167,2
DA:169,3
DA:170,2
DA:171,2
DA:172,2
DA:173,2
DA:176,2
DA:177,4
DA:178,2
DA:179,4
DA:181,3
DA:182,1
DA:183,2
DA:185,2
DA:187,2
DA:188,1
DA:192,1
DA:193,1
DA:194,2
DA:195,1
DA:196,1
DA:197,2
DA:198,1
DA:199,1
DA:200,2
DA:201,1
DA:202,1
DA:203,2
DA:204,1
DA:208,1
DA:209,2
DA:210,1
DA:211,3
DA:212,2
DA:213,1
DA:216,1
DA:217,2
DA:218,2
DA:219,2
DA:220,1
DA:222,1
DA:223,2
DA:224,2
DA:225,3
DA:227,2
DA:230,1
DA:233,1
DA:234,5
DA:235,2
DA:237,2
DA:238,1
DA:241,1
DA:242,2
DA:243,2
DA:245,1
DA:246,2
DA:247,1
DA:248,2
DA:250,2
DA:251,1
DA:254,1
DA:259,2
DA:260,1
DA:264,2
DA:265,1
LF:165
LH:165
end_of_record
SF:lib/app/modules/auth/adapter/auth_adapter_interface.dart
DA:33,1
DA:37,1
DA:39,2
DA:40,1
DA:45,1
DA:49,2
DA:51,2
DA:62,1
DA:66,1
DA:67,1
DA:68,1
DA:69,1
DA:71,1
DA:75,1
DA:79,2
DA:81,2
DA:82,2
DA:85,1
DA:88,1
DA:89,2
DA:91,2
DA:92,2
DA:96,1
DA:98,3
DA:101,1
DA:107,4
DA:118,1
DA:120,2
DA:123,1
DA:125,2
DA:128,1
DA:132,1
DA:135,1
DA:137,1
DA:142,1
DA:144,3
DA:147,1
DA:149,3
DA:152,1
DA:154,3
DA:158,1
DA:160,3
DA:164,1
DA:167,1
DA:168,3
DA:171,1
DA:174,2
DA:175,1
DA:176,1
DA:181,1
DA:183,1
DA:184,1
DA:185,1
DA:186,1
DA:187,1
DA:188,1
DA:189,1
DA:190,3
DA:191,1
DA:195,1
DA:197,3
LF:61
LH:61
end_of_record
SF:lib/app/modules/auth/model/avatar_model.dart
DA:8,38
DA:16,33
DA:18,2
DA:19,8
DA:23,7
DA:25,3
DA:26,12
DA:30,3
DA:32,1
DA:33,4
LF:10
LH:10
end_of_record
SF:lib/app/modules/auth/util/credential_dto.dart
DA:6,2
LF:1
LH:1
end_of_record
SF:lib/app/modules/auth/model/auth_user_model.dart
DA:13,3
DA:22,2
DA:23,2
DA:24,2
DA:25,2
DA:26,2
DA:27,2
DA:28,2
DA:29,2
DA:30,2
LF:10
LH:10
end_of_record
SF:lib/app/modules/auth/adapter/auth_social_network_adapter_interface.dart
DA:9,1
DA:12,1
DA:15,1
DA:16,1
DA:19,1
DA:23,1
DA:25,2
DA:28,1
DA:30,1
DA:31,2
LF:10
LH:10
end_of_record
SF:lib/app/modules/auth/model/avatar_list.dart
DA:8,4
DA:9,4
DA:44,6
DA:46,1
DA:47,3
DA:48,1
DA:49,1
DA:51,3
DA:54,2
DA:55,6
DA:56,2
DA:57,2
DA:59,6
DA:62,2
DA:63,4
LF:15
LH:15
end_of_record
SF:lib/app/modules/auth/repository/auth_repository.dart
DA:18,1
DA:48,1
DA:53,1
DA:55,3
DA:57,1
DA:58,2
DA:64,1
DA:69,2
DA:73,1
DA:76,2
DA:82,1
DA:84,2
DA:87,1
DA:89,3
DA:92,1
DA:94,2
DA:97,1
DA:99,2
DA:102,1
DA:106,2
DA:110,1
DA:115,1
DA:117,2
DA:122,1
DA:124,2
DA:128,1
DA:130,2
DA:133,1
DA:135,2
DA:138,1
DA:140,2
DA:143,1
DA:145,2
DA:148,1
DA:150,2
DA:153,1
DA:155,2
LF:37
LH:37
end_of_record
SF:lib/app/modules/auth/repository/avatar_model_repository.dart
DA:17,1
DA:22,1
DA:25,1
DA:30,1
DA:31,3
DA:33,1
DA:34,2
DA:36,1
DA:39,2
DA:43,1
DA:47,2
DA:48,1
DA:50,3
LF:13
LH:13
end_of_record
SF:lib/app/modules/auth/util/asset_to_file.dart
DA:8,1
DA:9,2
DA:10,4
DA:11,1
DA:12,2
DA:13,3
LF:6
LH:6
end_of_record
SF:lib/app/modules/auth/util/auth_error.dart
DA:8,15
DA:9,5
DA:10,5
DA:11,5
DA:12,5
DA:13,5
DA:14,5
DA:15,5
DA:16,5
DA:17,5
DA:18,5
DA:19,5
DA:20,5
DA:21,5
DA:22,5
DA:23,5
DA:34,9
DA:44,5
DA:45,5
DA:46,25
DA:47,3
DA:50,3
DA:51,3
DA:52,6
DA:55,2
DA:56,5
DA:62,3
DA:63,3
DA:64,6
DA:65,6
DA:68,2
DA:69,6
DA:75,5
DA:76,5
DA:77,10
DA:78,10
DA:80,3
DA:81,9
DA:87,5
DA:88,5
DA:89,10
DA:90,10
DA:92,1
DA:93,3
DA:99,5
DA:100,5
DA:101,10
DA:102,10
DA:104,1
DA:105,3
DA:111,7
DA:112,7
DA:113,14
DA:114,14
DA:116,4
DA:117,12
DA:124,5
DA:125,5
DA:126,10
DA:127,10
DA:129,2
DA:130,6
DA:136,5
DA:137,5
DA:138,10
DA:139,10
DA:141,1
DA:142,3
DA:148,5
DA:149,5
DA:150,10
DA:151,10
DA:153,1
DA:154,3
DA:160,5
DA:161,5
DA:162,10
DA:163,10
DA:165,2
DA:166,6
DA:172,5
DA:173,5
DA:174,10
DA:175,10
DA:177,2
DA:178,6
DA:184,5
DA:185,5
DA:186,10
DA:187,10
DA:189,2
DA:190,6
DA:196,5
DA:197,5
DA:198,10
DA:199,10
DA:201,2
DA:202,6
DA:208,7
DA:209,7
DA:210,14
DA:211,14
DA:213,2
DA:214,6
LF:104
LH:104
end_of_record
SF:lib/app/modules/settings/util/settings_success.dart
DA:5,6
DA:6,2
DA:7,2
DA:8,2
DA:9,2
DA:20,3
DA:29,2
DA:30,8
DA:31,1
DA:36,1
DA:37,1
DA:38,2
DA:39,2
DA:42,1
DA:43,3
DA:49,3
DA:50,3
DA:51,6
DA:52,6
DA:54,2
DA:55,6
DA:60,2
DA:61,2
DA:62,4
DA:63,4
DA:65,2
DA:66,6
DA:71,2
DA:72,2
DA:73,4
DA:74,4
DA:76,1
DA:77,3
DA:82,2
DA:83,2
DA:84,4
DA:85,4
DA:87,2
DA:88,6
LF:39
LH:39
end_of_record
SF:lib/app/modules/assets/models/asset_transaction.dart
DA:9,3
DA:33,3
DA:36,3
DA:37,3
DA:38,3
DA:39,3
DA:40,3
DA:41,3
DA:42,3
DA:43,3
DA:44,3
DA:45,3
DA:47,3
DA:50,3
DA:51,3
DA:57,3
DA:60,1
DA:64,3
DA:65,3
DA:68,3
DA:71,1
DA:74,1
DA:77,1
DA:78,1
DA:79,1
DA:80,1
DA:81,1
DA:82,1
DA:83,1
DA:84,1
DA:85,1
DA:86,1
DA:87,1
DA:88,1
LF:34
LH:34
end_of_record
SF:lib/app/modules/assets/models/asset_dividend_history.dart
DA:7,3
DA:27,3
DA:30,3
DA:31,3
DA:32,3
DA:33,3
DA:34,3
DA:35,3
DA:36,3
DA:37,3
DA:39,3
DA:42,3
DA:43,3
DA:47,3
DA:51,1
DA:54,1
DA:55,1
DA:56,1
DA:57,1
DA:58,1
DA:59,1
DA:60,1
DA:61,1
DA:62,1
DA:63,1
LF:25
LH:25
end_of_record
SF:lib/app/modules/assets/models/user_asset_model.dart
DA:11,3
DA:31,2
DA:34,2
DA:35,2
DA:36,2
DA:37,2
DA:38,2
DA:39,2
DA:40,2
DA:42,2
DA:45,2
DA:46,2
DA:49,6
DA:50,2
DA:52,6
DA:53,2
DA:56,1
DA:60,2
DA:61,4
DA:62,2
DA:65,2
DA:68,2
DA:71,1
DA:74,1
DA:89,1
DA:98,1
DA:99,1
DA:100,1
DA:101,1
DA:102,1
DA:103,1
DA:104,1
DA:105,1
DA:109,1
DA:110,1
DA:111,1
DA:112,1
DA:113,1
DA:114,1
DA:115,1
DA:116,1
DA:117,1
DA:118,1
LF:43
LH:43
end_of_record
SF:lib/app/modules/assets/util/convert_asset_helper.dart
DA:3,6
DA:4,12
DA:5,6
DA:8,1
DA:11,1
DA:14,1
DA:15,1
LF:7
LH:7
end_of_record
SF:lib/app/modules/assets/models/asset_model.dart
DA:6,1
DA:18,1
DA:21,1
DA:22,1
DA:23,1
DA:25,1
DA:27,1
DA:31,1
DA:35,1
DA:36,4
LF:10
LH:10
end_of_record
SF:lib/app/modules/auth/bloc/sign_up/sign_up_state.dart
DA:7,2
DA:12,2
DA:13,2
DA:14,6
DA:19,2
DA:20,2
DA:21,6
DA:27,2
DA:31,2
DA:32,8
LF:10
LH:10
end_of_record
SF:lib/app/modules/auth/bloc/sign_up/sign_up_event.dart
DA:4,2
DA:11,2
DA:15,1
DA:16,2
DA:23,2
DA:27,1
DA:28,2
DA:37,2
DA:43,1
DA:44,4
LF:10
LH:10
end_of_record
SF:lib/app/modules/auth/bloc/sign_up/sign_up_bloc.dart
DA:22,1
DA:23,2
DA:24,1
DA:25,6
DA:26,2
DA:27,2
DA:29,2
DA:30,1
DA:31,1
DA:32,1
DA:33,1
DA:36,2
DA:37,2
DA:41,1
DA:45,2
DA:46,2
DA:48,2
DA:52,2
DA:53,2
DA:55,1
DA:56,1
DA:57,2
DA:58,1
DA:60,2
DA:61,1
DA:62,2
DA:65,1
DA:69,1
DA:70,2
DA:71,1
DA:72,3
DA:73,2
DA:76,1
DA:77,2
DA:78,2
DA:79,1
DA:80,2
DA:81,1
DA:82,2
DA:84,2
DA:87,1
DA:92,2
DA:93,1
DA:97,2
DA:98,1
LF:45
LH:45
end_of_record
SF:lib/app/modules/auth/bloc/recovery_password/recover_password_event.dart
DA:4,2
DA:11,2
DA:14,1
DA:15,2
LF:4
LH:4
end_of_record
SF:lib/app/modules/auth/bloc/recovery_password/recover_password_bloc.dart
DA:17,1
DA:18,2
DA:19,2
DA:20,2
DA:24,1
DA:25,2
DA:27,2
DA:28,2
DA:29,1
DA:30,3
DA:31,1
DA:32,3
LF:12
LH:12
end_of_record
SF:lib/app/modules/auth/bloc/recovery_password/recover_password_state.dart
DA:5,2
DA:10,2
DA:11,2
DA:17,2
DA:20,2
DA:21,4
DA:26,2
DA:27,2
DA:33,2
DA:36,2
DA:37,4
LF:11
LH:11
end_of_record
SF:lib/app/modules/auth/util/auth_sucess.dart
DA:6,9
DA:7,3
DA:8,3
DA:9,3
DA:20,5
DA:29,3
DA:30,13
DA:35,1
DA:36,1
DA:37,2
DA:38,2
DA:41,1
DA:42,3
DA:48,4
DA:49,4
DA:50,8
DA:51,8
DA:53,3
DA:54,9
DA:60,4
DA:61,4
DA:62,8
DA:63,8
DA:65,2
DA:66,6
DA:71,3
DA:72,3
DA:73,6
DA:74,6
DA:76,2
DA:77,6
LF:31
LH:31
end_of_record
SF:lib/app/modules/auth/bloc/auth_state.dart
DA:5,2
DA:12,2
DA:16,2
DA:17,6
DA:22,2
DA:23,2
DA:28,2
DA:29,2
DA:35,2
DA:36,2
DA:37,4
DA:44,2
DA:45,2
DA:46,4
DA:50,1
DA:52,1
DA:53,1
LF:17
LH:17
end_of_record
SF:lib/app/modules/auth/bloc/auth_event.dart
DA:5,2
DA:13,2
DA:17,1
DA:18,3
DA:25,2
DA:28,1
DA:29,2
DA:37,2
DA:41,1
DA:42,3
DA:47,2
DA:48,1
DA:49,1
DA:54,2
DA:55,1
DA:56,1
DA:61,2
DA:62,1
DA:63,1
LF:19
LH:19
end_of_record
SF:lib/app/modules/auth/bloc/auth_bloc.dart
DA:21,1
DA:22,1
DA:23,1
DA:25,2
DA:26,1
DA:28,2
DA:29,1
DA:31,2
DA:32,3
DA:34,2
DA:35,2
DA:38,2
DA:39,3
DA:42,2
DA:43,1
DA:46,4
DA:48,2
DA:51,0
DA:52,0
DA:56,1
DA:57,2
DA:60,2
DA:61,4
DA:62,2
DA:63,1
DA:64,3
DA:68,1
DA:69,2
DA:72,2
DA:73,4
DA:74,2
DA:75,1
DA:76,3
DA:80,1
DA:81,2
DA:83,2
DA:84,4
DA:85,2
DA:88,2
DA:92,1
DA:93,2
DA:94,2
DA:97,1
DA:98,1
DA:99,1
DA:101,2
DA:104,2
DA:105,2
DA:106,2
DA:107,1
DA:108,4
DA:109,3
DA:110,2
DA:114,1
DA:115,1
DA:116,1
DA:117,1
DA:118,2
DA:120,2
DA:121,3
DA:122,2
DA:123,1
DA:124,3
DA:125,2
LF:64
LH:62
end_of_record
SF:lib/app/modules/user/user_model.dart
DA:8,1
DA:13,1
DA:16,1
DA:17,1
DA:19,1
DA:22,3
DA:23,1
DA:26,1
DA:30,1
DA:31,3
LF:10
LH:10
end_of_record
