SF:lib/app/core/adapter/remote_storage/remote_storage_error.dart
DA:7,3
DA:8,1
DA:19,1
DA:29,1
DA:30,5
DA:31,1
DA:37,1
DA:38,1
DA:39,2
DA:40,2
DA:43,1
DA:44,3
DA:49,1
DA:50,1
DA:52,2
DA:54,2
DA:57,1
DA:58,3
LF:18
LH:18
end_of_record
SF:lib/app/core/util/l10n/generated/l10n.dart
DA:16,12
DA:20,12
DA:21,12
DA:28,12
DA:29,12
DA:30,0
DA:31,12
DA:32,12
DA:33,36
DA:34,12
DA:35,12
DA:42,0
DA:43,0
DA:44,0
DA:49,0
DA:50,0
DA:54,0
DA:55,0
DA:59,0
DA:64,0
DA:65,0
DA:69,0
DA:74,0
DA:75,0
DA:79,0
DA:84,0
DA:85,0
DA:89,0
DA:94,0
DA:95,0
DA:99,0
DA:104,0
DA:105,0
DA:109,0
DA:114,0
DA:115,0
DA:119,0
DA:124,0
DA:125,0
DA:129,0
DA:134,0
DA:135,0
DA:139,0
DA:144,0
DA:145,0
DA:149,0
DA:154,0
DA:155,0
DA:159,0
DA:164,0
DA:165,0
DA:169,0
DA:174,0
DA:175,0
DA:179,0
DA:184,0
DA:185,0
DA:189,0
DA:194,0
DA:195,0
DA:199,0
DA:204,0
DA:205,0
DA:209,0
DA:214,0
DA:215,0
DA:219,0
DA:224,0
DA:225,0
DA:229,0
DA:234,1
DA:235,1
DA:239,1
DA:244,1
DA:245,1
DA:249,1
DA:254,1
DA:255,1
DA:259,1
DA:264,1
DA:265,1
DA:269,1
DA:274,1
DA:275,1
DA:279,1
DA:284,1
DA:285,1
DA:289,1
DA:294,1
DA:295,1
DA:299,1
DA:304,1
DA:305,1
DA:309,1
DA:314,1
DA:315,1
DA:319,1
DA:324,4
DA:325,4
DA:329,4
DA:334,4
DA:335,4
DA:339,4
DA:344,4
DA:345,4
DA:349,4
DA:354,4
DA:355,4
DA:359,4
DA:364,4
DA:365,4
DA:369,4
DA:374,4
DA:375,4
DA:379,4
DA:384,6
DA:385,6
DA:389,6
DA:394,6
DA:395,6
DA:399,6
DA:404,4
DA:405,4
DA:409,4
DA:414,4
DA:415,4
DA:419,4
DA:424,4
DA:425,4
DA:429,4
DA:434,4
DA:435,4
DA:439,4
DA:444,4
DA:445,4
DA:449,4
DA:454,4
DA:455,4
DA:459,4
DA:464,4
DA:465,4
DA:469,4
DA:474,4
DA:475,4
DA:479,4
DA:484,4
DA:485,4
DA:489,4
DA:494,4
DA:495,4
DA:499,4
DA:504,4
DA:505,4
DA:509,4
DA:514,4
DA:515,4
DA:519,4
DA:524,4
DA:525,4
DA:529,4
DA:534,4
DA:535,4
DA:539,4
DA:544,5
DA:545,5
DA:549,5
DA:554,5
DA:555,5
DA:559,5
DA:564,1
DA:565,1
DA:569,1
DA:574,1
DA:575,1
DA:579,1
DA:584,4
DA:585,4
DA:589,4
DA:594,4
DA:595,4
DA:599,4
DA:604,4
DA:605,4
DA:609,4
DA:614,4
DA:615,4
DA:619,4
DA:624,1
DA:625,1
DA:629,1
DA:634,1
DA:635,1
DA:639,1
DA:644,2
DA:645,2
DA:649,2
DA:654,2
DA:655,2
DA:659,2
DA:664,2
DA:665,2
DA:669,2
DA:674,2
DA:675,2
DA:679,2
DA:684,0
DA:685,0
DA:689,0
DA:694,0
DA:695,0
DA:699,0
DA:704,0
DA:705,0
DA:709,0
DA:714,0
DA:715,0
DA:719,0
DA:724,0
DA:725,0
DA:729,0
DA:734,0
DA:735,0
DA:739,0
DA:744,0
DA:745,0
DA:749,0
DA:754,0
DA:755,0
DA:759,0
DA:764,0
DA:765,0
DA:769,0
DA:774,0
DA:775,0
DA:779,0
DA:784,1
DA:785,1
DA:789,1
DA:794,1
DA:795,1
DA:799,1
DA:804,1
DA:805,1
DA:809,1
DA:814,1
DA:815,1
DA:819,1
DA:825,22
DA:827,0
DA:835,0
DA:836,0
DA:837,0
DA:838,0
DA:839,0
DA:842,0
DA:843,0
DA:844,0
LF:257
LH:158
end_of_record
SF:lib/app/core/util/l10n/generated/intl/messages_all.dart
DA:24,36
DA:25,12
DA:26,4
DA:27,8
DA:30,12
DA:32,12
DA:33,6
DA:34,6
DA:35,2
DA:36,4
DA:37,4
DA:44,12
DA:45,12
DA:46,36
DA:47,0
DA:49,0
DA:51,24
DA:52,12
DA:53,36
DA:54,24
DA:55,12
DA:58,12
DA:60,12
DA:66,12
DA:68,12
DA:70,12
LF:26
LH:24
end_of_record
SF:lib/app/core/util/l10n/generated/intl/messages_en.dart
DA:16,18
DA:21,0
DA:24,12
DA:25,6
DA:27,6
DA:30,6
DA:33,6
DA:34,6
DA:37,6
DA:38,6
DA:41,6
DA:43,6
DA:46,6
DA:47,6
DA:50,6
DA:51,6
DA:54,6
DA:55,6
DA:58,6
DA:59,6
DA:61,6
DA:63,6
DA:66,6
DA:67,6
DA:70,6
DA:71,6
DA:74,6
DA:75,6
DA:78,6
DA:79,6
DA:82,6
DA:83,6
DA:86,6
DA:88,6
DA:90,6
DA:93,6
DA:95,6
DA:97,6
DA:99,6
DA:100,6
DA:103,6
DA:105,6
DA:107,6
DA:110,6
DA:112,6
DA:113,6
DA:115,6
DA:117,6
DA:118,6
DA:120,6
DA:121,6
DA:122,6
DA:123,6
DA:124,6
DA:127,6
DA:130,6
DA:132,6
DA:135,6
DA:136,6
DA:137,6
DA:138,6
DA:139,6
DA:140,6
DA:142,6
DA:145,6
DA:146,6
DA:149,6
DA:151,6
DA:152,6
DA:153,6
DA:155,6
DA:156,6
DA:158,6
DA:159,6
DA:160,6
DA:161,6
DA:164,6
DA:166,6
DA:167,6
DA:169,6
LF:80
LH:79
end_of_record
SF:lib/app/core/util/l10n/generated/intl/messages_es.dart
DA:16,6
DA:21,0
DA:24,4
DA:25,2
DA:27,2
DA:30,2
DA:33,2
DA:34,2
DA:37,2
DA:38,2
DA:41,2
DA:43,2
DA:46,2
DA:47,2
DA:50,2
DA:52,2
DA:55,2
DA:56,2
DA:59,2
DA:60,2
DA:62,2
DA:64,2
DA:67,2
DA:68,2
DA:71,2
DA:72,2
DA:75,2
DA:76,2
DA:79,2
DA:80,2
DA:82,2
DA:84,2
DA:86,2
DA:89,2
DA:91,2
DA:94,2
DA:96,2
DA:97,2
DA:99,2
DA:101,2
DA:103,2
DA:106,2
DA:108,2
DA:110,2
DA:113,2
DA:115,2
DA:117,2
DA:119,2
DA:120,2
DA:122,2
DA:123,2
DA:124,2
DA:125,2
DA:126,2
DA:129,2
DA:132,2
DA:134,2
DA:137,2
DA:139,2
DA:141,2
DA:142,2
DA:143,2
DA:144,2
DA:146,2
DA:148,2
DA:150,2
DA:153,2
DA:154,2
DA:155,2
DA:156,2
DA:157,2
DA:159,2
DA:160,2
DA:161,2
DA:162,2
DA:164,2
DA:167,2
DA:168,2
DA:170,2
LF:79
LH:78
end_of_record
SF:lib/app/core/util/l10n/generated/intl/messages_pt.dart
DA:16,12
DA:21,0
DA:24,8
DA:25,4
DA:27,4
DA:30,4
DA:33,4
DA:34,4
DA:37,4
DA:38,4
DA:41,4
DA:43,4
DA:46,4
DA:47,4
DA:50,4
DA:51,4
DA:54,4
DA:55,4
DA:58,4
DA:59,4
DA:62,4
DA:63,4
DA:66,4
DA:67,4
DA:69,4
DA:71,4
DA:74,4
DA:75,4
DA:78,4
DA:79,4
DA:82,4
DA:83,4
DA:86,4
DA:88,4
DA:91,4
DA:93,4
DA:95,4
DA:96,4
DA:98,4
DA:100,4
DA:103,4
DA:105,4
DA:107,4
DA:109,4
DA:112,4
DA:113,4
DA:115,4
DA:117,4
DA:118,4
DA:120,4
DA:121,4
DA:122,4
DA:123,4
DA:124,4
DA:127,4
DA:130,4
DA:132,4
DA:135,4
DA:136,4
DA:138,4
DA:139,4
DA:140,4
DA:141,4
DA:144,4
DA:145,4
DA:147,4
DA:150,4
DA:151,4
DA:152,4
DA:153,4
DA:154,4
DA:156,4
DA:157,4
DA:158,4
DA:159,4
DA:161,4
DA:164,4
DA:165,4
DA:167,4
LF:79
LH:78
end_of_record
SF:lib/app/modules/settings/bloc/settings_state.dart
DA:8,1
DA:13,1
DA:16,1
DA:17,3
LF:4
LH:4
end_of_record
SF:lib/app/modules/settings/bloc/settings_bloc.dart
DA:16,1
DA:17,2
DA:18,1
DA:19,2
DA:20,2
DA:22,2
DA:23,2
DA:25,2
DA:26,1
DA:30,1
DA:31,1
DA:34,1
DA:35,2
DA:37,1
DA:40,1
DA:42,2
DA:43,1
DA:44,2
DA:46,1
DA:50,1
DA:51,1
DA:53,1
DA:54,2
DA:55,1
DA:56,2
DA:57,1
DA:58,2
DA:60,1
DA:64,1
DA:67,2
DA:68,2
DA:71,1
DA:73,2
DA:76,1
DA:77,1
DA:78,2
DA:82,1
DA:83,1
DA:84,1
LF:39
LH:39
end_of_record
SF:lib/app/modules/settings/bloc/settings_event.dart
DA:5,2
DA:11,2
DA:12,1
DA:13,2
DA:19,2
DA:20,1
DA:21,2
DA:26,2
DA:27,1
DA:28,1
LF:10
LH:10
end_of_record
SF:lib/app/modules/settings/model/settings_model.dart
DA:9,4
DA:10,4
DA:12,1
DA:13,1
DA:16,1
DA:17,1
DA:20,2
LF:7
LH:7
end_of_record
SF:lib/app/modules/settings/util/settings_error.dart
DA:5,6
DA:6,2
DA:7,2
DA:17,2
DA:26,2
DA:27,2
DA:28,5
DA:34,1
DA:35,1
DA:36,2
DA:37,2
DA:40,1
DA:41,3
DA:46,2
DA:47,2
DA:48,4
DA:49,4
DA:52,2
DA:53,6
DA:58,2
DA:59,2
DA:60,4
DA:61,4
DA:64,1
DA:65,3
LF:25
LH:25
end_of_record
SF:lib/app/core/adapter/local_storage_adapter/local_storage_adapter_interface.dart
DA:9,0
DA:11,0
DA:13,0
DA:17,0
DA:19,0
DA:20,0
DA:21,0
DA:22,0
LF:8
LH:0
end_of_record
SF:lib/app/modules/settings/repository/settings_repository.dart
DA:7,1
DA:13,1
DA:15,1
DA:18,2
DA:20,2
DA:21,1
DA:22,1
DA:24,1
DA:28,1
DA:29,1
DA:32,1
DA:38,1
DA:42,1
DA:45,1
DA:47,1
DA:48,1
DA:49,1
DA:50,1
DA:51,2
DA:53,2
DA:57,1
DA:61,1
DA:64,1
DA:65,1
DA:68,1
LF:25
LH:25
end_of_record
SF:lib/app/modules/auth/bloc/sign_up/sign_up_state.dart
DA:7,2
DA:12,2
DA:13,2
DA:14,6
DA:19,2
DA:20,2
DA:21,6
DA:27,2
DA:31,2
DA:32,8
LF:10
LH:10
end_of_record
SF:lib/app/modules/auth/bloc/sign_up/sign_up_event.dart
DA:4,2
DA:11,2
DA:15,1
DA:16,2
DA:23,2
DA:27,1
DA:28,2
DA:37,2
DA:43,1
DA:44,4
LF:10
LH:10
end_of_record
SF:lib/app/modules/auth/bloc/sign_up/sign_up_bloc.dart
DA:22,1
DA:23,2
DA:24,1
DA:25,6
DA:26,2
DA:27,2
DA:29,2
DA:30,1
DA:31,1
DA:32,1
DA:33,1
DA:36,2
DA:37,2
DA:41,1
DA:45,2
DA:46,2
DA:48,2
DA:51,2
DA:55,1
DA:57,1
DA:58,2
DA:61,2
DA:63,2
DA:64,1
DA:65,2
DA:68,2
DA:69,1
DA:70,2
DA:73,1
DA:77,1
DA:78,2
DA:79,1
DA:80,3
DA:81,2
DA:84,1
DA:85,2
DA:86,2
DA:87,1
DA:88,2
DA:89,1
DA:90,2
DA:92,2
DA:95,1
DA:100,2
DA:101,1
DA:105,2
DA:106,1
LF:47
LH:47
end_of_record
SF:lib/app/core/adapter/remote_storage/remote_storage_adapter.dart
DA:18,0
DA:20,0
DA:26,0
DA:29,0
DA:32,0
LF:5
LH:0
end_of_record
SF:lib/app/modules/auth/model/auth_user_model.dart
DA:12,2
DA:21,1
DA:22,1
DA:23,1
DA:24,1
DA:25,1
DA:26,1
DA:27,1
DA:28,1
DA:29,1
LF:10
LH:10
end_of_record
SF:lib/app/modules/auth/repository/auth_repository.dart
DA:16,1
DA:54,1
DA:57,1
DA:59,3
DA:61,1
DA:62,2
DA:68,1
DA:75,2
DA:79,1
DA:82,2
DA:88,1
DA:91,2
DA:94,1
DA:96,2
DA:99,1
DA:101,2
DA:104,1
DA:108,2
DA:112,1
DA:117,1
DA:119,2
DA:124,1
DA:126,2
DA:130,1
DA:132,2
DA:135,1
DA:138,2
DA:141,1
DA:143,2
DA:146,1
DA:148,2
LF:31
LH:31
end_of_record
SF:lib/app/modules/auth/repository/avatar_model_repository.dart
DA:15,1
DA:19,1
DA:21,1
DA:25,2
DA:26,1
DA:29,2
DA:33,1
DA:37,2
DA:38,1
DA:40,3
LF:10
LH:10
end_of_record
SF:lib/app/modules/auth/util/auth_error.dart
DA:8,12
DA:9,4
DA:10,4
DA:11,4
DA:12,4
DA:13,4
DA:14,4
DA:15,4
DA:16,4
DA:17,4
DA:18,4
DA:19,4
DA:20,4
DA:21,4
DA:22,4
DA:23,4
DA:34,7
DA:44,4
DA:45,4
DA:46,20
DA:47,1
DA:50,3
DA:51,3
DA:52,6
DA:55,2
DA:56,5
DA:62,1
DA:63,1
DA:64,2
DA:65,2
DA:68,1
DA:69,3
DA:75,4
DA:76,4
DA:77,8
DA:78,8
DA:80,3
DA:81,9
DA:87,4
DA:88,4
DA:89,8
DA:90,8
DA:92,1
DA:93,3
DA:99,4
DA:100,4
DA:101,8
DA:102,8
DA:104,1
DA:105,3
DA:111,6
DA:112,6
DA:113,12
DA:114,12
DA:116,4
DA:117,12
DA:124,4
DA:125,4
DA:126,8
DA:127,8
DA:129,2
DA:130,6
DA:136,4
DA:137,4
DA:138,8
DA:139,8
DA:141,2
DA:142,6
DA:148,4
DA:149,4
DA:150,8
DA:151,8
DA:153,2
DA:154,6
DA:160,4
DA:161,4
DA:162,8
DA:163,8
DA:165,2
DA:166,6
DA:172,4
DA:173,4
DA:174,8
DA:175,8
DA:177,2
DA:178,6
DA:184,4
DA:185,4
DA:186,8
DA:187,8
DA:189,2
DA:190,6
DA:196,4
DA:197,4
DA:198,8
DA:199,8
DA:201,2
DA:202,6
DA:208,5
DA:209,5
DA:210,10
DA:211,10
DA:213,2
DA:214,6
LF:104
LH:104
end_of_record
SF:lib/app/modules/auth/model/avatar_model.dart
DA:8,20
DA:16,16
DA:18,1
DA:19,4
DA:23,4
DA:25,2
DA:26,8
LF:7
LH:7
end_of_record
SF:lib/app/modules/auth/model/avatar_list.dart
DA:6,2
DA:7,2
DA:42,4
DA:44,1
DA:45,3
DA:46,1
DA:47,1
DA:49,3
LF:8
LH:8
end_of_record
SF:lib/app/modules/auth/gateway/auth_gateway_interface.dart
DA:41,1
DA:45,1
DA:50,2
DA:51,1
DA:52,1
DA:53,1
DA:58,1
DA:64,2
DA:66,1
DA:77,1
DA:81,1
DA:82,1
DA:83,1
DA:84,1
DA:86,1
DA:91,1
DA:95,2
DA:97,2
DA:98,1
DA:102,1
DA:105,1
DA:106,2
DA:108,2
DA:109,1
DA:113,1
DA:115,3
DA:118,1
DA:124,4
DA:135,1
DA:137,2
DA:140,1
DA:142,2
DA:146,1
DA:150,1
DA:153,1
DA:155,1
DA:160,1
DA:162,3
DA:166,1
DA:168,3
DA:172,1
DA:174,3
DA:179,1
DA:182,1
DA:183,3
DA:186,1
DA:189,2
DA:190,1
DA:195,1
DA:198,1
DA:199,2
DA:200,2
DA:201,2
DA:202,2
DA:203,2
DA:204,2
DA:205,2
DA:209,1
DA:211,1
DA:212,1
DA:213,1
DA:214,1
DA:215,1
DA:216,1
DA:217,3
DA:218,1
LF:66
LH:66
end_of_record
SF:lib/app/modules/auth/util/credential_dto.dart
DA:6,2
LF:1
LH:1
end_of_record
SF:lib/app/modules/auth/gateway/auth_social_network_gateway_interface.dart
DA:9,1
DA:12,1
DA:15,1
DA:16,1
DA:19,1
DA:23,1
DA:25,2
DA:28,1
DA:30,1
DA:31,2
LF:10
LH:10
end_of_record
SF:lib/app/modules/auth/bloc/recovery_password/recover_password_event.dart
DA:4,2
DA:11,2
DA:14,1
DA:15,2
LF:4
LH:4
end_of_record
SF:lib/app/modules/auth/bloc/recovery_password/recover_password_bloc.dart
DA:17,1
DA:18,2
DA:19,2
DA:20,2
DA:24,1
DA:25,2
DA:27,2
DA:28,2
DA:29,1
DA:30,3
DA:31,1
DA:32,3
LF:12
LH:12
end_of_record
SF:lib/app/modules/auth/bloc/recovery_password/recover_password_state.dart
DA:5,2
DA:10,2
DA:11,2
DA:17,2
DA:20,2
DA:21,4
DA:26,2
DA:27,2
DA:33,2
DA:36,2
DA:37,4
LF:11
LH:11
end_of_record
SF:lib/app/modules/auth/util/auth_sucess.dart
DA:6,9
DA:7,3
DA:8,3
DA:19,5
DA:28,3
DA:29,13
DA:34,1
DA:35,1
DA:36,2
DA:37,2
DA:40,1
DA:41,3
DA:47,4
DA:48,4
DA:49,8
DA:50,8
DA:52,3
DA:53,9
DA:59,4
DA:60,4
DA:61,8
DA:62,8
DA:64,3
DA:65,9
LF:24
LH:24
end_of_record
SF:lib/app/modules/auth/bloc/auth_state.dart
DA:5,2
DA:11,2
DA:14,2
DA:15,4
DA:20,2
DA:21,2
DA:26,2
DA:27,2
DA:33,2
DA:34,2
DA:35,4
DA:42,2
DA:43,2
DA:44,4
LF:14
LH:14
end_of_record
SF:lib/app/modules/auth/bloc/auth_event.dart
DA:5,2
DA:13,2
DA:17,1
DA:18,3
DA:25,2
DA:28,1
DA:29,2
DA:37,2
DA:41,1
DA:42,3
DA:47,2
DA:48,1
DA:49,1
DA:57,2
DA:61,1
DA:62,3
DA:67,2
DA:68,1
DA:69,1
LF:19
LH:19
end_of_record
SF:lib/app/modules/auth/bloc/auth_bloc.dart
DA:15,1
DA:16,1
DA:17,1
DA:19,2
DA:20,1
DA:22,2
DA:23,1
DA:25,2
DA:26,3
DA:28,2
DA:29,2
DA:32,2
DA:33,3
DA:36,2
DA:37,3
DA:40,4
DA:42,2
DA:45,0
DA:49,1
DA:50,2
DA:53,2
DA:54,2
DA:55,1
DA:56,3
DA:60,1
DA:61,2
DA:64,2
DA:65,2
DA:66,1
DA:67,3
DA:71,1
DA:72,2
DA:74,2
DA:75,2
DA:80,2
DA:84,1
DA:85,2
DA:86,2
DA:89,1
DA:90,1
DA:91,1
DA:92,2
DA:95,2
DA:96,2
DA:97,2
DA:98,1
DA:99,3
DA:100,2
DA:104,1
DA:105,1
DA:106,1
DA:107,2
DA:109,3
DA:110,2
DA:111,3
DA:112,2
DA:113,1
DA:114,3
DA:115,2
LF:59
LH:58
end_of_record
SF:lib/app/modules/auth/util/auth_form_validator.dart
DA:6,1
DA:7,1
DA:8,2
DA:10,3
DA:11,2
DA:16,1
DA:17,1
DA:18,2
DA:20,2
DA:21,2
DA:27,1
DA:28,1
DA:29,2
DA:31,2
DA:32,2
DA:34,3
DA:35,3
DA:36,2
DA:41,1
DA:42,1
DA:45,2
DA:48,1
DA:49,2
DA:50,2
LF:24
LH:24
end_of_record
